<?xml version="1.0" encoding="UTF-8"?>
<!-- Generated by org.testng.reporters.JUnitReportReporter -->
<testsuite hostname="Rameshs-MacBook-Air.local" failures="0" tests="3" name="RameshSwarnkarAutomation.TestCases.TestWithFramework" time="80.290" errors="0" timestamp="2025-03-05T14:28:57 EST" skipped="0">
  <testcase classname="RameshSwarnkarAutomation.TestCases.TestWithFramework" name="LoginAndLogOutFlow" time="21.354"/>
  <testcase classname="RameshSwarnkarAutomation.TestCases.TestWithFramework" name="LoginAndLogOutFlow" time="19.114"/>
  <testcase classname="RameshSwarnkarAutomation.TestCases.TestWithFramework" name="E2EHappyFlow" time="39.822"/>
</testsuite> <!-- RameshSwarnkarAutomation.TestCases.TestWithFramework -->
