<?xml version="1.0" encoding="UTF-8"?>
<!-- Generated by org.testng.reporters.JUnitReportReporter -->
<testsuite hostname="Rameshs-MacBook-Air.local" failures="0" tests="1" name="RameshSwarnkarAutomation.TestCases.ErrorValidationsTest" time="12.287" errors="0" timestamp="2025-03-06T21:35:02 EST" skipped="0">
  <testcase classname="RameshSwarnkarAutomation.TestCases.ErrorValidationsTest" name="loginErrorValidations" time="12.287"/>
</testsuite> <!-- RameshSwarnkarAutomation.TestCases.ErrorValidationsTest -->
