<?xml version="1.0" encoding="UTF-8"?>
<!-- Generated by org.testng.reporters.JUnitReportReporter -->
<testsuite hostname="Rameshs-MacBook-Air.local" failures="0" tests="2" name="RameshSwarnkarAutomation.TestCases.ErrorValidations" time="39.811" errors="0" timestamp="2025-03-05T14:28:57 EST" skipped="0">
  <testcase classname="RameshSwarnkarAutomation.TestCases.ErrorValidations" name="secondErrorValidation" time="17.656"/>
  <testcase classname="RameshSwarnkarAutomation.TestCases.ErrorValidations" name="loginErrorValidations" time="22.155"/>
</testsuite> <!-- RameshSwarnkarAutomation.TestCases.ErrorValidations -->
