<?xml version="1.0" encoding="UTF-8"?>
<!-- Generated by org.testng.reporters.JUnitReportReporter -->
<testsuite hostname="Rameshs-MacBook-Air.local" failures="0" tests="3" name="RameshSwarnkarAutomation.TestCases.WithFrameworkTest" time="74.562" errors="0" timestamp="2025-03-06T21:47:57 EST" skipped="0">
  <testcase classname="RameshSwarnkarAutomation.TestCases.WithFrameworkTest" name="E2EHappyFlow" time="38.131"/>
  <testcase classname="RameshSwarnkarAutomation.TestCases.WithFrameworkTest" name="LoginAndLogOutFlow" time="7.590"/>
  <testcase classname="RameshSwarnkarAutomation.TestCases.WithFrameworkTest" name="LoginAndLogOutFlow" time="28.841"/>
</testsuite> <!-- RameshSwarnkarAutomation.TestCases.WithFrameworkTest -->
